<?xml version="1.0" encoding="UTF-8"?>
<!-- Generated by org.testng.reporters.JUnitReportReporter -->
<testsuite hostname="BSC-5CG8102F0Z" failures="0" tests="7" name="dataProvider.GoogleSearch" time="28.706" errors="0" timestamp="16 Sep 2021 04:44:18 GMT" skipped="0">
  <testcase classname="dataProvider.GoogleSearch" name="googleIt" time="4.527"/>
  <testcase classname="dataProvider.GoogleSearch" name="googleIt" time="5.796"/>
  <testcase classname="dataProvider.GoogleSearch" name="googleIt" time="4.566"/>
  <testcase classname="dataProvider.GoogleSearch" name="googleIt" time="4.625"/>
  <testcase classname="dataProvider.GoogleSearch" name="googleIt" time="4.226"/>
  <testcase classname="dataProvider.GoogleSearch" name="setExcel" time="0.317"/>
  <testcase classname="dataProvider.GoogleSearch" name="googleIt" time="4.649"/>
</testsuite> <!-- dataProvider.GoogleSearch -->
