<?xml version="1.0" encoding="UTF-8"?>
<!-- Generated by org.testng.reporters.JUnitReportReporter -->
<testsuite hostname="BSC-5CG8102F0Z" failures="0" tests="2" name="grid.selenium.testNg.LoginTest" time="19.381" errors="0" timestamp="14 Sep 2021 05:00:19 GMT" skipped="0">
  <testcase classname="grid.selenium.testNg.LoginTest" name="search" time="10.187"/>
  <testcase classname="grid.selenium.testNg.LoginTest" name="search" time="9.194"/>
</testsuite> <!-- grid.selenium.testNg.LoginTest -->
