<?xml version="1.0" encoding="UTF-8"?>
<!-- Generated by org.testng.reporters.JUnitReportReporter -->
<testsuite hostname="BSC-5CG8102F0Z" failures="0" tests="1" name="testNg.selenium.testNG" time="4.408" errors="0" timestamp="13 Sep 2021 07:34:19 GMT" skipped="0">
  <testcase classname="testNg.selenium.testNG" name="upload" time="4.408"/>
</testsuite> <!-- testNg.selenium.testNG -->
